# JRE version: OpenJDK Runtime Environment (17.0.9) (build 17.0.9+0--11185874)
# Java VM: OpenJDK 64-Bit Server VM (17.0.9+0--11185874, mixed mode, tiered, compressed oops, compressed class ptrs, g1 gc, windows-amd64)
GC Precious Log:
 CPUs: 12 total, 12 available
 Memory: 7916M
 Large Page Support: Disabled
 NUMA Support: Disabled
 Compressed Oops: Enabled (32-bit)
 Heap Region Size: 1M
 Heap Min Capacity: 8M
 Heap Initial Capacity: 124M
 Heap Max Capacity: 1980M
 Pre-touch: Disabled
 Parallel Workers: 10
 Concurrent Workers: 3
 Concurrent Refinement Workers: 10
 Periodic GC: Disabled
Heap:
 garbage-first heap   total 235520K, used 113239K [0x0000000084400000, 0x0000000100000000)
  region size 1024K, 10 young (10240K), 7 survivors (7168K)
 Metaspace       used 87287K, committed 87616K, reserved 1179648K
  class space    used 9459K, committed 9600K, reserved 1048576K
GC Heap History (20 events):
Event: 5.999 GC heap before
{Heap before GC invocations=18 (full 0):
 garbage-first heap   total 113664K, used 51861K [0x0000000084400000, 0x0000000100000000)
  region size 1024K, 6 young (6144K), 5 survivors (5120K)
 Metaspace       used 56527K, committed 56768K, reserved 1114112K
  class space    used 6695K, committed 6784K, reserved 1048576K
}
Event: 6.009 GC heap after
{Heap after GC invocations=19 (full 0):
 garbage-first heap   total 113664K, used 51104K [0x0000000084400000, 0x0000000100000000)
  region size 1024K, 1 young (1024K), 1 survivors (1024K)
 Metaspace       used 56527K, committed 56768K, reserved 1114112K
  class space    used 6695K, committed 6784K, reserved 1048576K
}
Event: 6.068 GC heap before
{Heap before GC invocations=19 (full 0):
 garbage-first heap   total 113664K, used 56224K [0x0000000084400000, 0x0000000100000000)
  region size 1024K, 7 young (7168K), 1 survivors (1024K)
 Metaspace       used 56671K, committed 56896K, reserved 1114112K
  class space    used 6712K, committed 6784K, reserved 1048576K
}
Event: 6.073 GC heap after
{Heap after GC invocations=20 (full 0):
 garbage-first heap   total 113664K, used 51453K [0x0000000084400000, 0x0000000100000000)
  region size 1024K, 2 young (2048K), 2 survivors (2048K)
 Metaspace       used 56671K, committed 56896K, reserved 1114112K
  class space    used 6712K, committed 6784K, reserved 1048576K
}
Event: 6.308 GC heap before
{Heap before GC invocations=20 (full 0):
 garbage-first heap   total 113664K, used 87293K [0x0000000084400000, 0x0000000100000000)
  region size 1024K, 35 young (35840K), 2 survivors (2048K)
 Metaspace       used 56679K, committed 56896K, reserved 1114112K
  class space    used 6713K, committed 6784K, reserved 1048576K
}
Event: 6.314 GC heap after
{Heap after GC invocations=21 (full 0):
 garbage-first heap   total 113664K, used 56189K [0x0000000084400000, 0x0000000100000000)
  region size 1024K, 4 young (4096K), 4 survivors (4096K)
 Metaspace       used 56679K, committed 56896K, reserved 1114112K
  class space    used 6713K, committed 6784K, reserved 1048576K
}
Event: 6.487 GC heap before
{Heap before GC invocations=21 (full 0):
 garbage-first heap   total 113664K, used 88957K [0x0000000084400000, 0x0000000100000000)
  region size 1024K, 36 young (36864K), 4 survivors (4096K)
 Metaspace       used 56703K, committed 56960K, reserved 1114112K
  class space    used 6713K, committed 6784K, reserved 1048576K
}
Event: 6.498 GC heap after
{Heap after GC invocations=22 (full 0):
 garbage-first heap   total 278528K, used 59413K [0x0000000084400000, 0x0000000100000000)
  region size 1024K, 4 young (4096K), 4 survivors (4096K)
 Metaspace       used 56703K, committed 56960K, reserved 1114112K
  class space    used 6713K, committed 6784K, reserved 1048576K
}
Event: 7.312 GC heap before
{Heap before GC invocations=23 (full 0):
 garbage-first heap   total 235520K, used 193557K [0x0000000084400000, 0x0000000100000000)
  region size 1024K, 135 young (138240K), 4 survivors (4096K)
 Metaspace       used 56703K, committed 56960K, reserved 1114112K
  class space    used 6713K, committed 6784K, reserved 1048576K
}
Event: 7.325 GC heap after
{Heap after GC invocations=24 (full 0):
 garbage-first heap   total 235520K, used 73040K [0x0000000084400000, 0x0000000100000000)
  region size 1024K, 17 young (17408K), 17 survivors (17408K)
 Metaspace       used 56703K, committed 56960K, reserved 1114112K
  class space    used 6713K, committed 6784K, reserved 1048576K
}
Event: 7.327 GC heap before
{Heap before GC invocations=24 (full 0):
 garbage-first heap   total 235520K, used 74064K [0x0000000084400000, 0x0000000100000000)
  region size 1024K, 18 young (18432K), 17 survivors (17408K)
 Metaspace       used 56703K, committed 56960K, reserved 1114112K
  class space    used 6713K, committed 6784K, reserved 1048576K
}
Event: 7.337 GC heap after
{Heap after GC invocations=25 (full 0):
 garbage-first heap   total 235520K, used 74761K [0x0000000084400000, 0x0000000100000000)
  region size 1024K, 3 young (3072K), 3 survivors (3072K)
 Metaspace       used 56703K, committed 56960K, reserved 1114112K
  class space    used 6713K, committed 6784K, reserved 1048576K
}
Event: 9.629 GC heap before
{Heap before GC invocations=25 (full 0):
 garbage-first heap   total 235520K, used 175113K [0x0000000084400000, 0x0000000100000000)
  region size 1024K, 100 young (102400K), 3 survivors (3072K)
 Metaspace       used 60271K, committed 60480K, reserved 1114112K
  class space    used 6889K, committed 6976K, reserved 1048576K
}
Event: 9.643 GC heap after
{Heap after GC invocations=26 (full 0):
 garbage-first heap   total 235520K, used 84143K [0x0000000084400000, 0x0000000100000000)
  region size 1024K, 13 young (13312K), 13 survivors (13312K)
 Metaspace       used 60271K, committed 60480K, reserved 1114112K
  class space    used 6889K, committed 6976K, reserved 1048576K
}
Event: 11.854 GC heap before
{Heap before GC invocations=26 (full 0):
 garbage-first heap   total 235520K, used 177327K [0x0000000084400000, 0x0000000100000000)
  region size 1024K, 104 young (106496K), 13 survivors (13312K)
 Metaspace       used 67601K, committed 67904K, reserved 1114112K
  class space    used 7618K, committed 7808K, reserved 1048576K
}
Event: 11.872 GC heap after
{Heap after GC invocations=27 (full 0):
 garbage-first heap   total 235520K, used 92263K [0x0000000084400000, 0x0000000100000000)
  region size 1024K, 10 young (10240K), 10 survivors (10240K)
 Metaspace       used 67601K, committed 67904K, reserved 1114112K
  class space    used 7618K, committed 7808K, reserved 1048576K
}
Event: 14.030 GC heap before
{Heap before GC invocations=27 (full 0):
 garbage-first heap   total 235520K, used 182375K [0x0000000084400000, 0x0000000100000000)
  region size 1024K, 98 young (100352K), 10 survivors (10240K)
 Metaspace       used 76537K, committed 76928K, reserved 1179648K
  class space    used 8515K, committed 8704K, reserved 1048576K
}
Event: 14.053 GC heap after
{Heap after GC invocations=28 (full 0):
 garbage-first heap   total 235520K, used 104166K [0x0000000084400000, 0x0000000100000000)
  region size 1024K, 12 young (12288K), 12 survivors (12288K)
 Metaspace       used 76537K, committed 76928K, reserved 1179648K
  class space    used 8515K, committed 8704K, reserved 1048576K
}
Event: 16.330 GC heap before
{Heap before GC invocations=28 (full 0):
 garbage-first heap   total 235520K, used 184038K [0x0000000084400000, 0x0000000100000000)
  region size 1024K, 91 young (93184K), 12 survivors (12288K)
 Metaspace       used 87093K, committed 87424K, reserved 1179648K
  class space    used 9450K, committed 9600K, reserved 1048576K
}
Event: 16.347 GC heap after
{Heap after GC invocations=29 (full 0):
 garbage-first heap   total 235520K, used 111191K [0x0000000084400000, 0x0000000100000000)
  region size 1024K, 7 young (7168K), 7 survivors (7168K)
 Metaspace       used 87093K, committed 87424K, reserved 1179648K
  class space    used 9450K, committed 9600K, reserved 1048576K
}

