# JRE version: OpenJDK Runtime Environment (17.0.9) (build 17.0.9+0--11185874)
# Java VM: OpenJDK 64-Bit Server VM (17.0.9+0--11185874, mixed mode, tiered, compressed oops, compressed class ptrs, g1 gc, windows-amd64)
GC Precious Log:
 CPUs: 12 total, 12 available
 Memory: 7916M
 Large Page Support: Disabled
 NUMA Support: Disabled
 Compressed Oops: Enabled (32-bit)
 Heap Region Size: 1M
 Heap Min Capacity: 8M
 Heap Initial Capacity: 124M
 Heap Max Capacity: 1980M
 Pre-touch: Disabled
 Parallel Workers: 10
 Concurrent Workers: 3
 Concurrent Refinement Workers: 10
 Periodic GC: Disabled
Heap:
 garbage-first heap   total 201728K, used 116392K [0x0000000084400000, 0x0000000100000000)
  region size 1024K, 4 young (4096K), 4 survivors (4096K)
 Metaspace       used 86256K, committed 86592K, reserved 1179648K
  class space    used 9430K, committed 9600K, reserved 1048576K
GC Heap History (20 events):
Event: 6.421 GC heap after
{Heap after GC invocations=22 (full 0):
 garbage-first heap   total 95232K, used 55626K [0x0000000084400000, 0x0000000100000000)
  region size 1024K, 3 young (3072K), 3 survivors (3072K)
 Metaspace       used 56944K, committed 57152K, reserved 1114112K
  class space    used 6709K, committed 6784K, reserved 1048576K
}
Event: 6.426 GC heap before
{Heap before GC invocations=22 (full 0):
 garbage-first heap   total 95232K, used 56650K [0x0000000084400000, 0x0000000100000000)
  region size 1024K, 4 young (4096K), 3 survivors (3072K)
 Metaspace       used 56944K, committed 57152K, reserved 1114112K
  class space    used 6709K, committed 6784K, reserved 1048576K
}
Event: 6.436 GC heap after
{Heap after GC invocations=23 (full 0):
 garbage-first heap   total 95232K, used 55467K [0x0000000084400000, 0x0000000100000000)
  region size 1024K, 1 young (1024K), 1 survivors (1024K)
 Metaspace       used 56944K, committed 57152K, reserved 1114112K
  class space    used 6709K, committed 6784K, reserved 1048576K
}
Event: 6.529 GC heap before
{Heap before GC invocations=23 (full 0):
 garbage-first heap   total 95232K, used 75947K [0x0000000084400000, 0x0000000100000000)
  region size 1024K, 21 young (21504K), 1 survivors (1024K)
 Metaspace       used 56944K, committed 57152K, reserved 1114112K
  class space    used 6709K, committed 6784K, reserved 1048576K
}
Event: 6.534 GC heap after
{Heap after GC invocations=24 (full 0):
 garbage-first heap   total 251904K, used 56687K [0x0000000084400000, 0x0000000100000000)
  region size 1024K, 2 young (2048K), 2 survivors (2048K)
 Metaspace       used 56944K, committed 57152K, reserved 1114112K
  class space    used 6709K, committed 6784K, reserved 1048576K
}
Event: 7.194 GC heap before
{Heap before GC invocations=25 (full 0):
 garbage-first heap   total 201728K, used 176495K [0x0000000084400000, 0x0000000100000000)
  region size 1024K, 120 young (122880K), 2 survivors (2048K)
 Metaspace       used 56965K, committed 57152K, reserved 1114112K
  class space    used 6709K, committed 6784K, reserved 1048576K
}
Event: 7.207 GC heap after
{Heap after GC invocations=26 (full 0):
 garbage-first heap   total 201728K, used 68544K [0x0000000084400000, 0x0000000100000000)
  region size 1024K, 14 young (14336K), 14 survivors (14336K)
 Metaspace       used 56965K, committed 57152K, reserved 1114112K
  class space    used 6709K, committed 6784K, reserved 1048576K
}
Event: 7.208 GC heap before
{Heap before GC invocations=26 (full 0):
 garbage-first heap   total 201728K, used 69568K [0x0000000084400000, 0x0000000100000000)
  region size 1024K, 15 young (15360K), 14 survivors (14336K)
 Metaspace       used 56965K, committed 57152K, reserved 1114112K
  class space    used 6709K, committed 6784K, reserved 1048576K
}
Event: 7.216 GC heap after
{Heap after GC invocations=27 (full 0):
 garbage-first heap   total 201728K, used 69247K [0x0000000084400000, 0x0000000100000000)
  region size 1024K, 1 young (1024K), 1 survivors (1024K)
 Metaspace       used 56965K, committed 57152K, reserved 1114112K
  class space    used 6709K, committed 6784K, reserved 1048576K
}
Event: 7.879 GC heap before
{Heap before GC invocations=27 (full 0):
 garbage-first heap   total 201728K, used 149119K [0x0000000084400000, 0x0000000100000000)
  region size 1024K, 79 young (80896K), 1 survivors (1024K)
 Metaspace       used 58183K, committed 58432K, reserved 1114112K
  class space    used 6800K, committed 6912K, reserved 1048576K
}
Event: 7.891 GC heap after
{Heap after GC invocations=28 (full 0):
 garbage-first heap   total 201728K, used 80384K [0x0000000084400000, 0x0000000100000000)
  region size 1024K, 10 young (10240K), 10 survivors (10240K)
 Metaspace       used 58183K, committed 58432K, reserved 1114112K
  class space    used 6800K, committed 6912K, reserved 1048576K
}
Event: 10.234 GC heap before
{Heap before GC invocations=28 (full 0):
 garbage-first heap   total 201728K, used 154112K [0x0000000084400000, 0x0000000100000000)
  region size 1024K, 81 young (82944K), 10 survivors (10240K)
 Metaspace       used 60705K, committed 60928K, reserved 1114112K
  class space    used 6898K, committed 6976K, reserved 1048576K
}
Event: 10.250 GC heap after
{Heap after GC invocations=29 (full 0):
 garbage-first heap   total 201728K, used 87002K [0x0000000084400000, 0x0000000100000000)
  region size 1024K, 9 young (9216K), 9 survivors (9216K)
 Metaspace       used 60705K, committed 60928K, reserved 1114112K
  class space    used 6898K, committed 6976K, reserved 1048576K
}
Event: 12.143 GC heap before
{Heap before GC invocations=29 (full 0):
 garbage-first heap   total 201728K, used 158682K [0x0000000084400000, 0x0000000100000000)
  region size 1024K, 77 young (78848K), 9 survivors (9216K)
 Metaspace       used 65892K, committed 66240K, reserved 1114112K
  class space    used 7388K, committed 7552K, reserved 1048576K
}
Event: 12.162 GC heap after
{Heap after GC invocations=30 (full 0):
 garbage-first heap   total 201728K, used 95420K [0x0000000084400000, 0x0000000100000000)
  region size 1024K, 7 young (7168K), 7 survivors (7168K)
 Metaspace       used 65892K, committed 66240K, reserved 1114112K
  class space    used 7388K, committed 7552K, reserved 1048576K
}
Event: 13.959 GC heap before
{Heap before GC invocations=30 (full 0):
 garbage-first heap   total 201728K, used 160956K [0x0000000084400000, 0x0000000100000000)
  region size 1024K, 71 young (72704K), 7 survivors (7168K)
 Metaspace       used 71754K, committed 72064K, reserved 1114112K
  class space    used 8033K, committed 8192K, reserved 1048576K
}
Event: 13.982 GC heap after
{Heap after GC invocations=31 (full 0):
 garbage-first heap   total 201728K, used 105222K [0x0000000084400000, 0x0000000100000000)
  region size 1024K, 9 young (9216K), 9 survivors (9216K)
 Metaspace       used 71754K, committed 72064K, reserved 1114112K
  class space    used 8033K, committed 8192K, reserved 1048576K
}
Event: 15.343 GC heap before
{Heap before GC invocations=31 (full 0):
 garbage-first heap   total 201728K, used 161542K [0x0000000084400000, 0x0000000100000000)
  region size 1024K, 64 young (65536K), 9 survivors (9216K)
 Metaspace       used 78712K, committed 79104K, reserved 1179648K
  class space    used 8744K, committed 8960K, reserved 1048576K
}
Event: 15.365 GC heap after
{Heap after GC invocations=32 (full 0):
 garbage-first heap   total 201728K, used 112798K [0x0000000084400000, 0x0000000100000000)
  region size 1024K, 7 young (7168K), 7 survivors (7168K)
 Metaspace       used 78712K, committed 79104K, reserved 1179648K
  class space    used 8744K, committed 8960K, reserved 1048576K
}
Event: 16.774 GC heap before
{Heap before GC invocations=32 (full 0):
 garbage-first heap   total 201728K, used 162974K [0x0000000084400000, 0x0000000100000000)
  region size 1024K, 56 young (57344K), 7 survivors (7168K)
 Metaspace       used 86256K, committed 86592K, reserved 1179648K
  class space    used 9430K, committed 9600K, reserved 1048576K
}

