# JRE version: OpenJDK Runtime Environment (17.0.9) (build 17.0.9+0--11185874)
# Java VM: OpenJDK 64-Bit Server VM (17.0.9+0--11185874, mixed mode, tiered, compressed oops, compressed class ptrs, g1 gc, windows-amd64)
GC Precious Log:
 CPUs: 12 total, 12 available
 Memory: 7916M
 Large Page Support: Disabled
 NUMA Support: Disabled
 Compressed Oops: Enabled (32-bit)
 Heap Region Size: 1M
 Heap Min Capacity: 8M
 Heap Initial Capacity: 124M
 Heap Max Capacity: 1980M
 Pre-touch: Disabled
 Parallel Workers: 10
 Concurrent Workers: 3
 Concurrent Refinement Workers: 10
 Periodic GC: Disabled
Heap:
 garbage-first heap   total 231424K, used 122685K [0x0000000084400000, 0x0000000100000000)
  region size 1024K, 6 young (6144K), 6 survivors (6144K)
 Metaspace       used 88114K, committed 88512K, reserved 1179648K
  class space    used 9488K, committed 9664K, reserved 1048576K
GC Heap History (20 events):
Event: 4.898 GC heap after
{Heap after GC invocations=21 (full 0):
 garbage-first heap   total 108544K, used 54385K [0x0000000084400000, 0x0000000100000000)
  region size 1024K, 1 young (1024K), 1 survivors (1024K)
 Metaspace       used 56761K, committed 56960K, reserved 1114112K
  class space    used 6713K, committed 6784K, reserved 1048576K
}
Event: 4.990 GC heap before
{Heap before GC invocations=21 (full 0):
 garbage-first heap   total 108544K, used 84081K [0x0000000084400000, 0x0000000100000000)
  region size 1024K, 30 young (30720K), 1 survivors (1024K)
 Metaspace       used 56766K, committed 56960K, reserved 1114112K
  class space    used 6713K, committed 6784K, reserved 1048576K
}
Event: 4.995 GC heap after
{Heap after GC invocations=22 (full 0):
 garbage-first heap   total 108544K, used 56052K [0x0000000084400000, 0x0000000100000000)
  region size 1024K, 3 young (3072K), 3 survivors (3072K)
 Metaspace       used 56766K, committed 56960K, reserved 1114112K
  class space    used 6713K, committed 6784K, reserved 1048576K
}
Event: 5.085 GC heap before
{Heap before GC invocations=23 (full 0):
 garbage-first heap   total 108544K, used 84724K [0x0000000084400000, 0x0000000100000000)
  region size 1024K, 31 young (31744K), 3 survivors (3072K)
 Metaspace       used 56776K, committed 56960K, reserved 1114112K
  class space    used 6713K, committed 6784K, reserved 1048576K
}
Event: 5.093 GC heap after
{Heap after GC invocations=24 (full 0):
 garbage-first heap   total 231424K, used 58722K [0x0000000084400000, 0x0000000100000000)
  region size 1024K, 3 young (3072K), 3 survivors (3072K)
 Metaspace       used 56776K, committed 56960K, reserved 1114112K
  class space    used 6713K, committed 6784K, reserved 1048576K
}
Event: 5.109 GC heap before
{Heap before GC invocations=24 (full 0):
 garbage-first heap   total 231424K, used 66914K [0x0000000084400000, 0x0000000100000000)
  region size 1024K, 11 young (11264K), 3 survivors (3072K)
 Metaspace       used 56794K, committed 57024K, reserved 1114112K
  class space    used 6713K, committed 6784K, reserved 1048576K
}
Event: 5.113 GC heap after
{Heap after GC invocations=25 (full 0):
 garbage-first heap   total 231424K, used 58945K [0x0000000084400000, 0x0000000100000000)
  region size 1024K, 1 young (1024K), 1 survivors (1024K)
 Metaspace       used 56794K, committed 57024K, reserved 1114112K
  class space    used 6713K, committed 6784K, reserved 1048576K
}
Event: 5.490 GC heap before
{Heap before GC invocations=25 (full 0):
 garbage-first heap   total 231424K, used 184897K [0x0000000084400000, 0x0000000100000000)
  region size 1024K, 124 young (126976K), 1 survivors (1024K)
 Metaspace       used 56797K, committed 57024K, reserved 1114112K
  class space    used 6713K, committed 6784K, reserved 1048576K
}
Event: 5.501 GC heap after
{Heap after GC invocations=26 (full 0):
 garbage-first heap   total 231424K, used 71545K [0x0000000084400000, 0x0000000100000000)
  region size 1024K, 14 young (14336K), 14 survivors (14336K)
 Metaspace       used 56797K, committed 57024K, reserved 1114112K
  class space    used 6713K, committed 6784K, reserved 1048576K
}
Event: 7.579 GC heap before
{Heap before GC invocations=26 (full 0):
 garbage-first heap   total 231424K, used 170873K [0x0000000084400000, 0x0000000100000000)
  region size 1024K, 111 young (113664K), 14 survivors (14336K)
 Metaspace       used 60241K, committed 60480K, reserved 1114112K
  class space    used 6887K, committed 6976K, reserved 1048576K
}
Event: 7.595 GC heap after
{Heap after GC invocations=27 (full 0):
 garbage-first heap   total 231424K, used 82598K [0x0000000084400000, 0x0000000100000000)
  region size 1024K, 13 young (13312K), 13 survivors (13312K)
 Metaspace       used 60241K, committed 60480K, reserved 1114112K
  class space    used 6887K, committed 6976K, reserved 1048576K
}
Event: 9.206 GC heap before
{Heap before GC invocations=27 (full 0):
 garbage-first heap   total 231424K, used 175782K [0x0000000084400000, 0x0000000100000000)
  region size 1024K, 103 young (105472K), 13 survivors (13312K)
 Metaspace       used 66500K, committed 66816K, reserved 1114112K
  class space    used 7461K, committed 7616K, reserved 1048576K
}
Event: 9.218 GC heap after
{Heap after GC invocations=28 (full 0):
 garbage-first heap   total 231424K, used 92011K [0x0000000084400000, 0x0000000100000000)
  region size 1024K, 10 young (10240K), 10 survivors (10240K)
 Metaspace       used 66500K, committed 66816K, reserved 1114112K
  class space    used 7461K, committed 7616K, reserved 1048576K
}
Event: 10.588 GC heap before
{Heap before GC invocations=28 (full 0):
 garbage-first heap   total 231424K, used 179051K [0x0000000084400000, 0x0000000100000000)
  region size 1024K, 95 young (97280K), 10 survivors (10240K)
 Metaspace       used 73696K, committed 74112K, reserved 1179648K
  class space    used 8258K, committed 8448K, reserved 1048576K
}
Event: 10.603 GC heap after
{Heap after GC invocations=29 (full 0):
 garbage-first heap   total 231424K, used 104324K [0x0000000084400000, 0x0000000100000000)
  region size 1024K, 12 young (12288K), 12 survivors (12288K)
 Metaspace       used 73696K, committed 74112K, reserved 1179648K
  class space    used 8258K, committed 8448K, reserved 1048576K
}
Event: 11.892 GC heap before
{Heap before GC invocations=29 (full 0):
 garbage-first heap   total 231424K, used 182148K [0x0000000084400000, 0x0000000100000000)
  region size 1024K, 88 young (90112K), 12 survivors (12288K)
 Metaspace       used 86020K, committed 86336K, reserved 1179648K
  class space    used 9408K, committed 9536K, reserved 1048576K
}
Event: 11.907 GC heap after
{Heap after GC invocations=30 (full 0):
 garbage-first heap   total 231424K, used 111494K [0x0000000084400000, 0x0000000100000000)
  region size 1024K, 7 young (7168K), 7 survivors (7168K)
 Metaspace       used 86020K, committed 86336K, reserved 1179648K
  class space    used 9408K, committed 9536K, reserved 1048576K
}
Event: 12.577 GC heap before
{Heap before GC invocations=30 (full 0):
 garbage-first heap   total 231424K, used 185222K [0x0000000084400000, 0x0000000100000000)
  region size 1024K, 79 young (80896K), 7 survivors (7168K)
 Metaspace       used 87587K, committed 87936K, reserved 1179648K
  class space    used 9466K, committed 9600K, reserved 1048576K
}
Event: 12.592 GC heap after
{Heap after GC invocations=31 (full 0):
 garbage-first heap   total 231424K, used 117760K [0x0000000084400000, 0x0000000100000000)
  region size 1024K, 7 young (7168K), 7 survivors (7168K)
 Metaspace       used 87587K, committed 87936K, reserved 1179648K
  class space    used 9466K, committed 9600K, reserved 1048576K
}
Event: 13.155 GC heap before
{Heap before GC invocations=31 (full 0):
 garbage-first heap   total 231424K, used 186368K [0x0000000084400000, 0x0000000100000000)
  region size 1024K, 74 young (75776K), 7 survivors (7168K)
 Metaspace       used 88114K, committed 88512K, reserved 1179648K
  class space    used 9488K, committed 9664K, reserved 1048576K
}

